0 7302
10 3462
20 1405
30 672
40 907
50 2589
60 353
70 378
80 424
90 399
100 2995
110 409
120 158
130 134
140 162
150 612
160 125
170 243
180 195
190 270
200 1583
210 145
220 198
230 97
240 132
250 620
260 84
270 106
280 94
290 123
300 568
310 91
320 90
330 67
340 79
350 151
360 74
370 63
380 101
390 107
400 418
410 90
420 93
430 119
440 117
450 354
460 94
470 75
480 121
490 244
500 3225
510 64
520 56
530 40
540 53
550 200
560 41
570 60
580 43
590 64
600 572
610 49
620 58
630 38
640 38
650 94
660 50
670 36
680 37
690 69
700 124
710 51
720 53
730 40
740 142
750 211
760 36
770 54
780 36
790 50
800 235
810 50
820 39
830 42
840 32
850 83
860 31
870 40
880 64
890 57
900 176
910 67
920 53
930 50
940 74
950 292
960 45
970 73
980 75
990 164
1000 3108
1010 50
1020 37
1030 28
1040 21
1050 91
1060 41
1070 31
1080 151
1090 86
1100 222
1110 136
1120 26
1130 20
1140 24
1150 46
1160 18
1170 30
1180 13
1190 22
1200 106
1210 27
1220 86
1230 11
1240 20
1250 87
1260 16
1270 18
1280 22
1290 32
1300 75
1310 19
1320 18
1330 34
1340 15
1350 37
1360 17
1370 11
1380 19
1390 31
1400 68
1410 34
1420 18
1430 28
1440 29
1450 58
1460 27
1470 25
1480 42
1490 35
1500 673
1510 92
1520 86
1530 32
1540 30
1550 67
1560 88
1570 51
1580 54
1590 15
1600 42
1610 14
1620 13
1630 14
1640 15
1650 32
1660 14
1670 13
1680 12
1690 23
1700 41
1710 13
1720 24
1730 16
1740 24
1750 802
1760 15
1770 24
1780 15
1790 33
1800 71
1810 12
1820 10
1830 19
1840 14
1850 18
1860 16
1870 13
1880 17
1890 16
1900 39
1910 15
1920 22
1930 24
1940 23
1950 86
1960 24
1970 15
1980 27
1990 40
2000 1311
2010 16
2020 23
2030 12
2040 12
2050 24
2060 11
2070 11
2080 5
2090 9
2100 23
2110 7
2120 11
2130 3
2140 15
2150 16
2160 7
2170 15
2180 7
2190 16
2200 25
2210 11
2220 22
2230 6
2240 13
2250 39
2260 14
2270 14
2280 7
2290 7
2300 35
2310 10
2320 8
2330 11
2340 10
2350 12
2360 11
2370 12
2380 14
2390 14
2400 23
2410 19
2420 14
2430 14
2440 20
2450 28
2460 10
2470 13
2480 18
2490 20
2500 256
2510 9
2520 11
2530 8
2540 8
2550 14
2560 10
2570 6
2580 10
2590 9
2600 16
2610 12
2620 12
2630 5
2640 11
2650 12
2660 9
2670 10
2680 11
2690 2
2700 14
2710 9
2720 11
2730 7
2740 5
2750 24
2760 14
2770 12
2780 6
2790 10
2800 37
2810 17
2820 4
2830 14
2840 16
2850 23
2860 10
2870 11
2880 16
2890 8
2900 16
2910 12
2920 12
2930 4
2940 12
2950 45
2960 13
2970 16
2980 15
2990 22
3000 405
3010 8
3020 13
3030 6
3040 8
3050 10
3060 5
3070 8
3080 12
3090 10
3100 12
3110 9
3120 11
3130 7
3140 13
3150 7
3160 6
3170 7
3180 4
3190 7
3200 17
3210 4
3220 9
3230 5
3240 5
3250 104
3260 9
3270 9
3280 10
3290 7
3300 18
3310 7
3320 9
3330 20
3340 6
3350 7
3360 6
3370 5
3380 10
3390 5
3400 9
3410 3
3420 7
3430 4
3440 5
3450 13
3460 6
3470 4
3480 7
3490 12
3500 72
3510 5
3520 3
3530 5
3540 4
3550 10
3560 4
3570 3
3580 4
3590 8
3600 15
3610 3
3620 3
3630 4
3640 9
3650 7
3660 4
3670 4
3680 7
3690 7
3700 17
3710 7
3720 7
3730 6
3740 4
3750 14
3760 6
3770 4
3780 6
3790 10
3800 9
3810 5
3820 1
3830 5
3840 3
3850 9
3860 7
3870 4
3880 3
3890 2
3900 22
3910 5
3920 3
3930 6
3940 5
3950 36
3960 7
3970 3
3980 12
3990 10
4000 161
4010 7
4020 6
4030 4
4040 5
4050 14
4060 4
4070 4
4080 2
4090 4
4100 15
4110 8
4120 7
4130 3
4140 5
4150 6
4160 3
4170 5
4180 4
4190 5
4200 8
4210 5
4220 3
4230 6
4240 3
4250 26
4260 5
4270 5
4280 5
4290 4
4300 14
4310 3
4320 7
4330 6
4340 8
4350 9
4360 4
4370 7
4380 4
4390 5
4400 18
4410 8
4420 8
4430 4
4440 8
4450 13
4460 7
4470 7
4480 11
4490 7
4500 67
4510 4
4520 4
4530 2
4540 3
4550 14
4560 2
4570 5
4580 4
4590 6
4600 16
4610 4
4620 2
4630 5
4640 9
4650 6
4660 6
4670 11
4680 8
4690 7
4700 6
4710 3
4720 4
4730 3
4740 2
4750 31
4760 5
4770 8
4780 8
4790 6
4800 30
4810 4
4820 4
4830 3
4840 7
4850 11
4860 4
4870 3
4880 8
4890 7
4900 25
4910 7
4920 10
4930 13
4940 7
4950 61
4960 6
4970 22
4980 14
4990 39
5000 678
5010 1
5020 6
5030 2
5040 1
5050 5
5060 9
5070 2
5080 5
5090 2
5100 4
5110 5
5130 4
5140 7
5150 3
5170 4
5180 3
5190 4
5200 2
5210 5
5220 5
5230 6
5240 7
5250 4
5260 5
5270 4
5280 2
5290 4
5300 10
5310 5
5320 4
5350 5
5360 4
5370 4
5380 2
5390 5
5400 11
5410 1
5420 5
5430 3
5440 2
5450 4
5460 7
5470 6
5480 4
5490 2
5500 19
5510 5
5520 1
5530 2
5540 3
5550 9
5560 4
5570 5
5580 6
5590 1
5600 5
5610 8
5630 3
5640 2
5650 2
5660 4
5670 4
5680 3
5690 2
5700 3
5710 2
5720 4
5730 2
5740 3
5750 3
5760 4
5770 10
5780 1
5790 2
5800 5
5810 3
5830 3
5840 2
5850 4
5860 1
5870 4
5880 2
5890 1
5900 7
5910 7
5920 1
5930 4
5940 3
5950 10
5960 3
5970 4
5980 6
5990 4
6000 36
6010 2
6020 3
6030 1
6040 1
6050 3
6060 2
6070 5
6080 2
6090 6
6100 3
6110 3
6130 5
6140 3
6150 2
6160 6
6170 1
6180 2
6190 2
6200 2
6210 3
6230 5
6240 3
6250 6
6260 4
6270 1
6280 1
6290 5
6300 9
6310 6
6320 2
6340 1
6350 3
6360 3
6370 3
6390 2
6400 8
6410 2
6420 4
6430 5
6440 2
6450 4
6460 5
6470 3
6480 6
6490 4
6500 30
6510 2
6520 2
6530 3
6540 3
6550 3
6560 4
6570 1
6580 2
6590 3
6600 4
6610 3
6620 2
6630 2
6640 1
6650 3
6660 7
6680 2
6690 1
6700 1
6710 2
6720 2
6730 2
6740 2
6750 1
6760 2
6770 1
6780 2
6790 3
6800 4
6810 5
6820 2
6830 4
6840 2
6850 5
6860 1
6870 4
6880 2
6890 1
6900 8
6910 4
6920 1
6930 5
6940 5
6950 18
6960 2
6970 5
6980 2
6990 7
7000 213
7010 1
7020 2
7030 2
7040 3
7050 2
7060 2
7070 1
7080 2
7090 2
7100 2
7110 1
7120 3
7130 2
7150 4
7160 2
7190 1
7200 3
7210 2
7220 2
7230 2
7240 2
7250 3
7260 4
7270 2
7280 1
7290 2
7300 3
7310 1
7320 4
7340 2
7350 3
7370 2
7380 1
7390 4
7400 10
7410 2
7420 2
7430 1
7440 5
7450 5
7470 2
7480 2
7490 1
7500 40
7510 1
7520 3
7530 3
7540 2
7550 1
7580 1
7600 2
7610 1
7620 2
7640 1
7670 1
7680 1
7700 2
7710 2
7720 1
7730 1
7740 1
7750 6
7760 1
7770 3
7780 3
7800 3
7820 2
7840 4
7850 3
7870 4
7880 1
7890 3
7900 5
7910 3
7930 2
7940 3
7950 9
7960 2
7970 3
7980 1
7990 3
8000 119
8020 2
8040 3
8050 1
8060 3
8080 1
8090 1
8100 2
8120 4
8130 2
8140 3
8150 2
8160 2
8170 2
8180 1
8200 1
8210 2
8220 1
8240 2
8250 1
8260 1
8270 3
8280 1
8290 3
8300 1
8320 1
8350 7
8390 1
8400 2
8410 1
8420 4
8430 2
8440 1
8450 3
8460 1
8480 4
8490 1
8500 46
8540 3
8550 1
8560 1
8570 2
8580 3
8590 2
8600 2
8610 1
8630 1
8660 1
8670 3
8680 2
8690 1
8730 2
8740 1
8750 1
8770 2
8780 1
8790 1
8800 5
8810 1
8820 1
8850 2
8860 1
8870 1
8880 3
8900 4
8920 1
8930 1
8940 3
8950 3
8960 3
8970 2
8980 2
8990 2
9000 40
9010 3
9040 2
9050 3
9070 2
9080 1
9100 3
9150 1
9160 1
9170 3
9200 4
9210 1
9220 2
9240 1
9250 4
9280 1
9300 2
9310 3
9340 1
9350 5
9360 1
9370 1
9390 1
9400 7
9440 2
9450 23
9460 1
9470 6
9480 2
9490 1
9500 153
9520 1
9550 1
9560 1
9570 2
9580 1
9600 1
9620 2
9640 1
9650 1
9660 2
9680 1
9690 1
9700 2
9720 2
9750 1
9760 1
9770 3
9780 1
9790 1
9800 4
9810 2
9840 1
9860 1
9870 1
9880 1
9890 2
9900 4
9930 1
9940 3
9950 10
9960 2
9970 1
9990 7
10000 200
10070 1
10080 2
10090 1
10110 2
10120 1
10140 1
10200 1
10240 1
10290 1
10300 2
10380 1
10400 6
10410 2
10420 1
10450 1
10470 1
10500 2
10550 1
10580 1
10680 1
10700 1
10710 1
10720 3
10730 1
10740 1
10810 1
10850 3
10990 1
11000 5
11010 1
11050 1
11080 1
11100 1
11110 2
11120 2
11140 1
11150 2
11190 1
11200 1
11300 2
11350 2
11390 1
11450 1
11500 3
11540 2
11550 1
11560 1
11570 1
11620 1
11630 1
11650 1
11670 1
11680 1
11700 1
11740 1
11760 1
11800 1
11830 1
11850 2
11870 1
11890 2
11920 1
11960 1
11970 5
11980 1
11990 1
12000 37
12040 1
12120 1
12140 1
12260 2
12290 1
12300 2
12380 1
12400 1
12420 4
12460 1
12500 4
12550 1
12700 1
12760 1
12850 1
12910 1
12920 1
12940 1
12990 1
13000 2
13040 1
13060 1
13100 1
13140 2
13210 1
13300 1
13350 1
13440 1
13460 1
13510 1
13550 1
13620 1
13660 1
13720 1
13770 1
13800 2
13820 1
13880 1
13950 1
13970 1
13990 1
14000 3
14010 1
14050 1
14160 1
14270 1
14280 1
14300 1
14450 1
14480 1
14520 1
14530 1
14560 1
14600 1
14620 1
14630 1
14640 1
14660 3
14670 2
14860 1
14990 1
15000 12
15030 1
15160 1
15170 1
15200 1
15250 1
15370 1
15400 1
15440 1
15480 1
15510 1
15530 1
15720 1
15970 1
16000 3
16110 1
16240 1
16430 1
16590 1
16700 1
16710 1
16750 1
16880 1
16950 2
17050 1
17220 1
17250 1
17280 1
17360 1
17370 1
17500 2
17750 1
17820 2
17880 1
17910 1
17950 1
17960 1
18000 3
18040 2
18130 1
18200 1
18410 1
18550 1
18600 1
19180 1
19390 1
19450 1
19470 1
19520 1
19580 1
19950 2
19990 2
20000 18
20080 1
20300 1
20380 1
20500 1
20670 1
20730 1
21090 1
21200 1
21670 1
21720 1
21790 1
21930 1
22200 1
22220 1
22370 1
22500 2
22540 1
22800 1
23000 1
23340 1
23560 1
23710 1
23900 1
23920 1
23950 1
24000 1
24150 1
24390 1
24590 1
24890 1
24910 1
24980 1
25000 32
25560 1
26380 1
27200 1
27600 1
28330 1
28590 1
28750 1
28850 1
29140 1
29300 1
29350 1
29360 1
29500 2
30000 3
30150 1
30360 1
30840 1
30900 1
30950 1
31150 1
31480 1
31600 1
31750 1
31870 1
32260 1
32550 1
32800 1
33820 1
34200 1
34440 1
34480 1
34500 1
35000 1
35300 1
35650 1
36550 1
38850 1
38990 1
39060 1
39250 1
39820 1
40000 2
43590 1
44250 1
44440 1
44990 1
46510 1
46670 1
47000 1
47120 1
47210 1
47680 1
48200 1
48940 1
49090 1
49580 1
49950 1
50000 10
51370 1
52580 1
53010 1
55000 1
56240 1
56480 1
56900 1
60750 1
63200 1
66660 1
69870 1
71910 1
75320 1
82420 1
84890 1
86340 1
87250 1
87510 1
88390 1
90500 1
93320 1
95620 1
97500 1
98190 1
99120 1
100000 1
100200 1
108000 1
111110 1
117510 1
130870 1
133880 1
153390 1
173740 1
211590 1
247210 1
250390 1
461340 1
473920 1
